[02:33:26] [ServerMain/INFO]: Environment: Environment[sessionHost=https://sessionserver.mojang.com, servicesHost=https://api.minecraftservices.com, name=PROD]
[02:33:28] [ServerMain/INFO]: Loaded 1290 recipes
[02:33:28] [ServerMain/INFO]: Loaded 1399 advancements
[02:33:28] [Server thread/INFO]: Starting minecraft server version 1.21
[02:33:28] [Server thread/INFO]: Loading properties
[02:33:28] [Server thread/INFO]: This server is running Paper version 1.21-26-master@77c763b (2024-06-22T13:58:12Z) (Implementing API version 1.21-R0.1-SNAPSHOT)
[02:33:29] [Server thread/INFO]: Server Ping Player Sample Count: 12
[02:33:29] [Server thread/INFO]: Using 4 threads for Netty based IO
[02:33:30] [Server thread/WARN]: [!] The timings profiler has been enabled but has been scheduled for removal from Paper in the future.
    We recommend installing the spark profiler as a replacement: https://spark.lucko.me/
    For more information please visit: https://github.com/PaperMC/Paper/issues/8948
[02:33:30] [Server thread/INFO]: [ChunkTaskScheduler] Chunk system is using 1 I/O threads, 1 worker threads, and population gen parallelism of 1 threads
[02:33:30] [Server thread/INFO]: Default game type: SURVIVAL
[02:33:30] [Server thread/INFO]: Generating keypair
[02:33:30] [Server thread/INFO]: Starting Minecraft server on *:25565
[02:33:30] [Server thread/INFO]: Using epoll channel type
[02:33:30] [Server thread/INFO]: Paper: Using libdeflate (Linux x86_64) compression from Velocity.
[02:33:30] [Server thread/INFO]: Paper: Using OpenSSL 1.1.x (Linux x86_64) cipher from Velocity.
[02:33:30] [Server thread/INFO]: Server permissions file permissions.yml is empty, ignoring it
[02:33:30] [Server thread/WARN]: **** SERVER IS RUNNING IN OFFLINE/INSECURE MODE!
[02:33:30] [Server thread/WARN]: The server will make no attempt to authenticate usernames. Beware.
[02:33:30] [Server thread/WARN]: While this makes the game possible to play without internet access, it also opens up the ability for hackers to connect with any username they choose.
[02:33:30] [Server thread/WARN]: To change this, set "online-mode" to "true" in the server.properties file.
[02:33:30] [Server thread/INFO]: Preparing level "world"
[02:33:30] [Server thread/INFO]: Preparing start region for dimension minecraft:overworld
[02:33:32] [Server thread/INFO]: Time elapsed: 1239 ms
[02:33:32] [Server thread/INFO]: Preparing start region for dimension minecraft:the_nether
[02:33:32] [Server thread/INFO]: Time elapsed: 157 ms
[02:33:32] [Server thread/INFO]: Preparing start region for dimension minecraft:the_end
[02:33:32] [Server thread/INFO]: Time elapsed: 155 ms
[02:33:32] [Server thread/INFO]: Running delayed init tasks
[02:33:32] [Server thread/INFO]: Done (3.685s)! For help, type "help"
[02:33:32] [Server thread/INFO]: Timings Reset
[02:33:47] [User Authenticator #0/INFO]: UUID of player heomc is 20874714-4475-386b-a014-c5d463a73f25
[02:33:49] [Server thread/INFO]: heomc joined the game
[02:33:49] [Server thread/INFO]: heomc[/[0:0:0:0:0:0:0:1%0]:53034] logged in with entity id 60 at ([world]113.46211846120612, 66.79673560066871, -13.664383585145943)
[02:33:53] [Server thread/INFO]: heomc lost connection: Disconnected
[02:33:53] [Server thread/INFO]: heomc left the game
[02:34:08] [Server thread/INFO]: Stopping server
[02:34:08] [Server thread/INFO]: Saving players
[02:34:08] [Server thread/INFO]: Saving worlds
[02:34:08] [Server thread/INFO]: Saving chunks for level 'ServerLevel[world]'/minecraft:overworld
[02:34:08] [Server thread/INFO]: [ChunkHolderManager] Waiting 60s for chunk system to halt for world 'world'
[02:34:08] [Server thread/INFO]: [ChunkHolderManager] Halted chunk system for world 'world'
[02:34:08] [Server thread/INFO]: [ChunkHolderManager] Saving all chunkholders for world 'world'
[02:34:08] [Server thread/INFO]: [ChunkHolderManager] Saved 49 block chunks, 49 entity chunks, 0 poi chunks in world 'world' in 0.24s
[02:34:08] [Server thread/INFO]: Saving chunks for level 'ServerLevel[world_nether]'/minecraft:the_nether
[02:34:08] [Server thread/INFO]: [ChunkHolderManager] Waiting 60s for chunk system to halt for world 'world_nether'
[02:34:08] [Server thread/INFO]: [ChunkHolderManager] Halted chunk system for world 'world_nether'
[02:34:08] [Server thread/INFO]: [ChunkHolderManager] Saving all chunkholders for world 'world_nether'
[02:34:08] [Server thread/INFO]: [ChunkHolderManager] Saved 49 block chunks, 49 entity chunks, 0 poi chunks in world 'world_nether' in 0.12s
[02:34:08] [Server thread/INFO]: Saving chunks for level 'ServerLevel[world_the_end]'/minecraft:the_end
[02:34:09] [Server thread/INFO]: [ChunkHolderManager] Waiting 60s for chunk system to halt for world 'world_the_end'
[02:34:09] [Server thread/INFO]: [ChunkHolderManager] Halted chunk system for world 'world_the_end'
[02:34:09] [Server thread/INFO]: [ChunkHolderManager] Saving all chunkholders for world 'world_the_end'
[02:34:09] [Server thread/INFO]: [ChunkHolderManager] Saved 49 block chunks, 49 entity chunks, 0 poi chunks in world 'world_the_end' in 0.09s
[02:34:09] [Server thread/INFO]: ThreadedAnvilChunkStorage (world): All chunks are saved
[02:34:09] [Server thread/INFO]: ThreadedAnvilChunkStorage (DIM-1): All chunks are saved
[02:34:09] [Server thread/INFO]: ThreadedAnvilChunkStorage (DIM1): All chunks are saved
[02:34:09] [Server thread/INFO]: ThreadedAnvilChunkStorage: All dimensions are saved
